<?xml version="1.0" encoding="UTF-8"?>
<testng-results ignored="0" total="1" passed="1" failed="0" skipped="0">
  <reporter-output>
  </reporter-output>
  <suite started-at="2023-12-01T00:49:30 IST" name="Mobile" finished-at="2023-12-01T00:49:50 IST" duration-ms="19366">
    <groups>
    </groups>
    <test started-at="2023-12-01T00:49:30 IST" name="AndroidAppTest 1" finished-at="2023-12-01T00:49:50 IST" duration-ms="19366">
      <class name="AndroidApp">
        <test-method signature="AndroidApp1(java.lang.String,java.lang.String,java.lang.String)[pri:0, instance:AndroidApp@446293d]" started-at="2023-12-01T00:49:30 IST" name="AndroidApp1" finished-at="2023-12-01T00:49:50 IST" duration-ms="19331" status="PASS">
          <params>
            <param index="0">
              <value>
                <![CDATA[Galaxy S23 Ultra]]>
              </value>
            </param>
            <param index="1">
              <value>
                <![CDATA[13]]>
              </value>
            </param>
            <param index="2">
              <value>
                <![CDATA[Android]]>
              </value>
            </param>
          </params>
          <reporter-output>
          </reporter-output>
        </test-method> <!-- AndroidApp1 -->
      </class> <!-- AndroidApp -->
    </test> <!-- AndroidAppTest 1 -->
  </suite> <!-- Mobile -->
</testng-results>
